<?xml version="1.0" encoding="UTF-8"?>
<!-- Generated by org.testng.reporters.JUnitReportReporter -->
<testsuite skipped="0" hostname="Anands-MacBook-Air-2.local" name="com.testscript.SignIn" tests="1" failures="0" timestamp="04 Oct 2019 19:38:37 GMT" time="15.367" errors="0">
  <testcase name="SigninPage" time="15.367" classname="com.testscript.SignIn"/>
</testsuite> <!-- com.testscript.SignIn -->
