<?xml version="1.0" encoding="UTF-8"?>
<!-- Generated by org.testng.reporters.JUnitReportReporter -->
<testsuite skipped="1" hostname="Anands-MacBook-Air-2.local" name="com.testscript.Register" tests="1" failures="0" timestamp="26 Jul 2019 06:20:11 GMT" time="0.000" errors="0">
  <testcase name="Registeration" time="0.000" classname="com.testscript.Register">
    <skipped/>
  </testcase> <!-- Registeration -->
</testsuite> <!-- com.testscript.Register -->
