<?xml version="1.0" encoding="UTF-8"?>
<!-- Generated by org.testng.reporters.JUnitReportReporter -->
<testsuite skipped="0" hostname="anands-air-2" name="com.testscript.Home" tests="1" failures="0" timestamp="04 Oct 2019 09:07:53 GMT" time="13.183" errors="0">
  <testcase name="Homepage" time="13.183" classname="com.testscript.Home"/>
</testsuite> <!-- com.testscript.Home -->
